<?xml version="1.0" encoding="UTF-8"?>
<!-- Generated by org.testng.reporters.JUnitReportReporter -->
<testsuite hostname="MacPro-Abdi" failures="0" tests="1" name="demo.Google" time="15.474" errors="0" timestamp="2022-10-02T20:38:25 CEST" skipped="0">
  <testcase classname="demo.Google" name="openGoogle" time="15.474"/>
  <system-out/>
</testsuite> <!-- demo.Google -->
