<?xml version="1.0" encoding="UTF-8"?>
<!-- Generated by org.testng.reporters.JUnitReportReporter -->
<testsuite hostname="MacPro-Abdi" failures="0" tests="1" name="demo.Msn" time="30.453" errors="0" timestamp="2022-10-02T20:38:25 CEST" skipped="0">
  <testcase classname="demo.Msn" name="openGoogle" time="30.453"/>
  <system-out/>
</testsuite> <!-- demo.Msn -->
