<?xml version="1.0" encoding="UTF-8"?>
<!-- Generated by org.testng.reporters.JUnitReportReporter -->
<testsuite hostname="MacPro-Abdi" failures="0" tests="1" name="onBoarding.InscriptionCasNominalLog4J" time="18.337" errors="0" timestamp="2022-08-26T10:31:13 CEST" skipped="0">
  <testcase classname="onBoarding.InscriptionCasNominalLog4J" name="testInscriptionPassant" time="18.337"/>
  <system-out/>
</testsuite> <!-- onBoarding.InscriptionCasNominalLog4J -->
