<?xml version="1.0" encoding="UTF-8"?>
<!-- Generated by org.testng.reporters.JUnitReportReporter -->
<testsuite hostname="MacPro-Abdi" failures="0" tests="3" name="Demonstration.Demo2" time="6.061" errors="0" timestamp="2022-09-09T10:26:31 CEST" skipped="0">
  <testcase classname="Demonstration.Demo2" name="Test5" time="2.011"/>
  <system-out/>
  <testcase classname="Demonstration.Demo2" name="Test4" time="2.040"/>
  <system-out/>
  <testcase classname="Demonstration.Demo2" name="Test6" time="2.010"/>
  <system-out/>
</testsuite> <!-- Demonstration.Demo2 -->
