<?xml version="1.0" encoding="UTF-8"?>
<!-- Generated by org.testng.reporters.JUnitReportReporter -->
<testsuite hostname="MacPro-Abdi" failures="0" tests="1" name="demo.Google" time="18.205" errors="0" timestamp="2022-10-06T17:00:32 CEST" skipped="0">
  <testcase classname="demo.Google" name="openGoogle" time="18.205"/>
</testsuite> <!-- demo.Google -->
