<?xml version="1.0" encoding="UTF-8"?>
<!-- Generated by org.testng.reporters.JUnitReportReporter -->
<testsuite hostname="MacPro-Abdi" failures="0" tests="1" name="demo.Yahoo" time="6.995" errors="0" timestamp="2022-10-02T21:03:13 CEST" skipped="0">
  <testcase classname="demo.Yahoo" name="openGoogle" time="6.995"/>
</testsuite> <!-- demo.Yahoo -->
