<?xml version="1.0" encoding="UTF-8"?>
<!-- Generated by org.testng.reporters.JUnitReportReporter -->
<testsuite hostname="MacPro-Abdi" failures="0" tests="1" name="demo.Msn" time="22.296" errors="0" timestamp="2022-10-06T17:00:32 CEST" skipped="0">
  <testcase classname="demo.Msn" name="openGoogle" time="22.296"/>
</testsuite> <!-- demo.Msn -->
